<?xml version="1.0" encoding="UTF-8"?>
<!-- Generated by org.testng.reporters.JUnitXMLReporter -->
<testsuite hostname="DESKTOP-UEHQM53" ignored="0" name="BankingApp Test" tests="6" failures="0" timestamp="11 Nov 2020 19:03:51 GMT" time="75.872" errors="0">
  <testcase name="loginTest" time="8.942" classname="com.inetbanking.testCases.TC_LoginTest_001"/>
  <testcase name="loginDDT" time="8.283" classname="com.inetbanking.testCases.TC_LoginDDT_002"/>
  <testcase name="loginDDT" time="6.899" classname="com.inetbanking.testCases.TC_LoginDDT_002"/>
  <testcase name="loginDDT" time="7.043" classname="com.inetbanking.testCases.TC_LoginDDT_002"/>
  <testcase name="loginDDT" time="7.345" classname="com.inetbanking.testCases.TC_LoginDDT_002"/>
  <testcase name="loginDDT" time="7.968" classname="com.inetbanking.testCases.TC_LoginDDT_002"/>
</testsuite> <!-- BankingApp Test -->
